2008.10.27 21:08 B C:\Documents and Settings\Frans\Mijn documenten\Mijn webs\Stambomen\van Doorn\_borders\left.htm --> home.hetnet.nl /Stambomen/van Doorn/_borders left.htm
2008.10.27 21:08 B C:\Documents and Settings\Frans\Mijn documenten\Mijn webs\Stambomen\van Doorn\_borders\top.htm --> home.hetnet.nl /Stambomen/van Doorn/_borders top.htm
2008.10.27 21:33 B C:\Documents and Settings\Frans\Mijn documenten\Mijn webs\van Doorn\_borders\left.htm --> home.hetnet.nl /_borders left.htm
2008.10.27 21:33 B C:\Documents and Settings\Frans\Mijn documenten\Mijn webs\van Doorn\_borders\top.htm --> home.hetnet.nl /_borders top.htm
2008.10.27 21:33 B C:\Documents and Settings\Frans\Mijn documenten\Mijn webs\van Doorn\_borders\WS_FTP.LOG --> home.hetnet.nl /_borders WS_FTP.LOG
2008.10.28 05:20 B C:\Documents and Settings\Frans\Mijn documenten\Mijn webs\van Doorn\_borders\WS_FTP.LOG --> home.hetnet.nl /_borders WS_FTP.LOG
2008.10.28 05:32 B C:\Documents and Settings\Frans\Mijn documenten\Mijn webs\van Doorn\_borders\WS_FTP.LOG --> home.hetnet.nl /_borders WS_FTP.LOG
2008.10.28 05:44 B C:\Documents and Settings\Frans\Mijn documenten\Mijn webs\van Doorn\_borders\left.htm --> home.hetnet.nl /_borders left.htm
2008.10.28 05:44 B C:\Documents and Settings\Frans\Mijn documenten\Mijn webs\van Doorn\_borders\top.htm --> home.hetnet.nl /_borders top.htm
2008.10.28 05:44 B C:\Documents and Settings\Frans\Mijn documenten\Mijn webs\van Doorn\_borders\WS_FTP.LOG --> home.hetnet.nl /_borders WS_FTP.LOG
2014.11.07 22:51 B D:\Documents and Settings\Frans\Mijn documenten\Mijn webs\van Doorn\_borders\left.htm --> home.kpn.nl /_borders/_borders left.htm
2014.11.07 22:51 B D:\Documents and Settings\Frans\Mijn documenten\Mijn webs\van Doorn\_borders\top.htm --> home.kpn.nl /_borders/_borders top.htm
2014.11.07 22:51 B D:\Documents and Settings\Frans\Mijn documenten\Mijn webs\van Doorn\_borders\WS_FTP.LOG --> home.kpn.nl /_borders/_borders WS_FTP.LOG
2014.11.07 23:38 B D:\Documents and Settings\Frans\Mijn documenten\Mijn webs\van Doorn\_borders\left.htm --> home.kpn.nl /_borders left.htm
2014.11.07 23:38 B D:\Documents and Settings\Frans\Mijn documenten\Mijn webs\van Doorn\_borders\WS_FTP.LOG --> home.kpn.nl /_borders WS_FTP.LOG
2014.11.07 23:50 B D:\Documents and Settings\Frans\Mijn documenten\Mijn webs\van Doorn\_borders\WS_FTP.LOG --> home.kpn.nl /_borders WS_FTP.LOG
2014.11.08 00:00 B D:\Documents and Settings\Frans\Mijn documenten\Mijn webs\van Doorn\_borders\WS_FTP.LOG --> home.kpn.nl /_borders WS_FTP.LOG
2014.11.08 01:18 B D:\Documents and Settings\Frans\Mijn documenten\Mijn webs\van Doorn\_borders\top.htm --> home.kpn.nl /_borders top.htm
2014.11.12 12:39 B D:\Documents and Settings\Frans\Mijn documenten\Mijn webs\van Doorn\_borders\left.htm --> home.kpn.nl /_borders left.htm
2014.11.12 12:39 B D:\Documents and Settings\Frans\Mijn documenten\Mijn webs\van Doorn\_borders\top.htm --> home.kpn.nl /_borders top.htm
2014.11.12 12:39 B D:\Documents and Settings\Frans\Mijn documenten\Mijn webs\van Doorn\_borders\WS_FTP.LOG --> home.kpn.nl /_borders WS_FTP.LOG
2014.11.12 13:23 B D:\Documents and Settings\Frans\Mijn documenten\Mijn webs\van Doorn\_borders\WS_FTP.LOG --> home.kpn.nl /_borders WS_FTP.LOG
2014.11.12 13:27 B D:\Documents and Settings\Frans\Mijn documenten\Mijn webs\van Doorn\_borders\WS_FTP.LOG --> home.kpn.nl /_borders WS_FTP.LOG
2014.11.12 13:30 B D:\Documents and Settings\Frans\Mijn documenten\Mijn webs\van Doorn\_borders\left.htm --> home.kpn.nl /_borders left.htm
2014.11.12 13:30 B D:\Documents and Settings\Frans\Mijn documenten\Mijn webs\van Doorn\_borders\top.htm --> home.kpn.nl /_borders top.htm
2014.11.13 09:23 B D:\Mijn documenten\Mijn webs\van Doorn\_borders\WS_FTP.LOG <-- hetnet /_borders WS_FTP.LOG
2016.11.07 12:02 B D:\Documents and Settings\Frans\Mijn webs\van Doorn\_borders\left.htm --> home.kpn.nl /van Doorn/_borders left.htm
2016.11.07 12:02 B D:\Documents and Settings\Frans\Mijn webs\van Doorn\_borders\top.htm --> home.kpn.nl /van Doorn/_borders top.htm
2016.11.07 12:02 B D:\Documents and Settings\Frans\Mijn webs\van Doorn\_borders\WS_FTP.LOG --> home.kpn.nl /van Doorn/_borders WS_FTP.LOG
2016.11.08 02:44 B D:\Documents and Settings\Frans\Mijn webs\vanDoorn\_borders\left.htm --> home.kpn.nl /vanDoorn/_borders left.htm
2016.11.08 02:44 B D:\Documents and Settings\Frans\Mijn webs\vanDoorn\_borders\top.htm --> home.kpn.nl /vanDoorn/_borders top.htm
2016.11.08 02:44 B D:\Documents and Settings\Frans\Mijn webs\vanDoorn\_borders\WS_FTP.LOG --> home.kpn.nl /vanDoorn/_borders WS_FTP.LOG
2016.11.08 02:55 B D:\Documents and Settings\Frans\Mijn webs\vanDoorn\_borders\WS_FTP.LOG --> home.kpn.nl /vanDoorn/_borders WS_FTP.LOG
2016.11.08 02:57 B D:\Documents and Settings\Frans\Mijn webs\vanDoorn\_borders\WS_FTP.LOG --> home.kpn.nl /vanDoorn/_borders WS_FTP.LOG
2016.11.08 02:58 B D:\Documents and Settings\Frans\Mijn webs\vanDoorn\_borders\left.htm --> home.kpn.nl /vanDoorn/_borders left.htm
2016.11.08 02:58 B D:\Documents and Settings\Frans\Mijn webs\vanDoorn\_borders\top.htm --> home.kpn.nl /vanDoorn/_borders top.htm
2016.11.08 02:58 B D:\Documents and Settings\Frans\Mijn webs\vanDoorn\_borders\WS_FTP.LOG --> home.kpn.nl /vanDoorn/_borders WS_FTP.LOG
2016.11.08 10:57 B D:\Documents and Settings\Frans\Mijn webs\vanDoorn\_borders\left.htm --> home.kpn.nl /vanDoorn/_borders left.htm
2016.11.08 10:57 B D:\Documents and Settings\Frans\Mijn webs\vanDoorn\_borders\top.htm --> home.kpn.nl /vanDoorn/_borders top.htm
2016.11.08 10:57 B D:\Documents and Settings\Frans\Mijn webs\vanDoorn\_borders\WS_FTP.LOG --> home.kpn.nl /vanDoorn/_borders WS_FTP.LOG
2016.11.08 11:13 B D:\Documents and Settings\Frans\Mijn webs\vanDoorn\_borders\WS_FTP.LOG --> home.kpn.nl /vanDoorn/_borders WS_FTP.LOG
2016.11.10 19:06 B D:\Documents and Settings\Frans\Mijn webs\vanDoorn\_borders\WS_FTP.LOG --> home.kpn.nl /vanDoorn/_borders WS_FTP.LOG
2018.08.17 13:22 B D:\Documents and Settings\Frans\Mijn webs\vanDoorn\_borders\left.htm --> home.kpn.nl /vanDoorn/_borders left.htm
2018.08.17 13:22 B D:\Documents and Settings\Frans\Mijn webs\vanDoorn\_borders\top.htm --> home.kpn.nl /vanDoorn/_borders top.htm
2018.08.17 13:22 B D:\Documents and Settings\Frans\Mijn webs\vanDoorn\_borders\WS_FTP.LOG --> home.kpn.nl /vanDoorn/_borders WS_FTP.LOG
2018.08.17 13:32 B D:\Documents and Settings\Frans\Mijn webs\vanDoorn\_borders\WS_FTP.LOG --> home.kpn.nl /vanDoorn/_borders WS_FTP.LOG
2018.08.17 13:43 B D:\Documents and Settings\Frans\Mijn webs\vanDoorn\_borders\WS_FTP.LOG --> home.kpn.nl /vanDoorn/_borders WS_FTP.LOG
2018.08.17 14:08 B D:\Documents and Settings\Frans\Mijn webs\vanDoorn\_borders\WS_FTP.LOG --> home.kpn.nl /vanDoorn/_borders WS_FTP.LOG
2018.08.17 14:11 B D:\Documents and Settings\Frans\Mijn webs\vanDoorn\_borders\WS_FTP.LOG --> home.kpn.nl /vanDoorn/_borders WS_FTP.LOG
2018.08.17 14:12 B D:\Documents and Settings\Frans\Mijn webs\vanDoorn\_borders\WS_FTP.LOG --> home.kpn.nl /vanDoorn/_borders WS_FTP.LOG
2018.08.17 14:20 B D:\Documents and Settings\Frans\Mijn webs\vanDoorn\_borders\WS_FTP.LOG --> home.kpn.nl /vanDoorn/_borders WS_FTP.LOG
2018.08.17 14:22 B D:\Documents and Settings\Frans\Mijn webs\vanDoorn\_borders\WS_FTP.LOG --> home.kpn.nl /vanDoorn/_borders WS_FTP.LOG
2018.10.16 17:06 B D:\Documents and Settings\Frans\Mijn webs\vanDoorn\_borders\WS_FTP.LOG --> home.kpn.nl /vanDoorn/_borders WS_FTP.LOG
2018.10.16 23:24 B D:\Documents and Settings\Frans\Mijn webs\vanDoorn\_borders\WS_FTP.LOG --> home.kpn.nl /vanDoorn/_borders WS_FTP.LOG
