vti_encoding:SR|utf8-nl
vti_timelastmodified:TR|07 Nov 2014 22:50:29 -0000
vti_extenderversion:SR|12.0.0.0
vti_author:SR|HOOFDCOMPUTER\\Frans
vti_modifiedby:SR|HOOFDCOMPUTER\\Frans
vti_timecreated:TR|07 Nov 2014 22:50:29 -0000
2014.11.08 00:01 B D:
2014.11.08 01:19 B D:
2014.11.12 12:40 B D:
2014.11.12 13:54 B D:
2014.11.13 09:24 B D:
2016.11.07 12:03 B D:
2016.11.07 21:55 B D:
2016.11.08 02:55 B D:
2016.11.08 10:58 B D:
2016.11.08 11:13 B D:
2016.11.10 19:06 B D:
2018.08.17 13:23 B D:\Documents and Settings\Frans\Mijn webs\vanDoorn\_overlay\_vti_cnf\genealogie.htm_nav_sumipntg010_bnr.gif --> home.kpn.nl /vanDoorn/_overlay/_vti_cnf genealogie.htm_nav_sumipntg010_bnr.gif
2018.08.17 13:23 B D:\Documents and Settings\Frans\Mijn webs\vanDoorn\_overlay\_vti_cnf\genealogie.htm_nav_sumipntg010_hbtn.gif --> home.kpn.nl /vanDoorn/_overlay/_vti_cnf genealogie.htm_nav_sumipntg010_hbtn.gif
2018.08.17 13:23 B D:\Documents and Settings\Frans\Mijn webs\vanDoorn\_overlay\_vti_cnf\genealogie.htm_nav_sumipntg010_vbtn.gif --> home.kpn.nl /vanDoorn/_overlay/_vti_cnf genealogie.htm_nav_sumipntg010_vbtn.gif
2018.08.17 13:23 B D:\Documents and Settings\Frans\Mijn webs\vanDoorn\_overlay\_vti_cnf\generatie_i.htm_nav_sumipntg010_bnr.gif --> home.kpn.nl /vanDoorn/_overlay/_vti_cnf generatie_i.htm_nav_sumipntg010_bnr.gif
2018.08.17 13:23 B D:\Documents and Settings\Frans\Mijn webs\vanDoorn\_overlay\_vti_cnf\generatie_i.htm_nav_sumipntg010_hbtn.gif --> home.kpn.nl /vanDoorn/_overlay/_vti_cnf generatie_i.htm_nav_sumipntg010_hbtn.gif
2018.08.17 13:23 B D:\Documents and Settings\Frans\Mijn webs\vanDoorn\_overlay\_vti_cnf\generatie_i.htm_nav_sumipntg010_vbtn.gif --> home.kpn.nl /vanDoorn/_overlay/_vti_cnf generatie_i.htm_nav_sumipntg010_vbtn.gif
2018.08.17 13:23 B D:\Documents and Settings\Frans\Mijn webs\vanDoorn\_overlay\_vti_cnf\generatie_ii.htm_nav_sumipntg010_bnr.gif --> home.kpn.nl /vanDoorn/_overlay/_vti_cnf generatie_ii.htm_nav_sumipntg010_bnr.gif
2018.08.17 13:23 B D:\Documents and Settings\Frans\Mijn webs\vanDoorn\_overlay\_vti_cnf\generatie_ii.htm_nav_sumipntg010_hbtn.gif --> home.kpn.nl /vanDoorn/_overlay/_vti_cnf generatie_ii.htm_nav_sumipntg010_hbtn.gif
2018.08.17 13:23 B D:\Documents and Settings\Frans\Mijn webs\vanDoorn\_overlay\_vti_cnf\generatie_ii.htm_nav_sumipntg010_vbtn.gif --> home.kpn.nl /vanDoorn/_overlay/_vti_cnf generatie_ii.htm_nav_sumipntg010_vbtn.gif
2018.08.17 13:23 B D:\Documents and Settings\Frans\Mijn webs\vanDoorn\_overlay\_vti_cnf\generatie_iii.htm_nav_sumipntg010_bnr.gif --> home.kpn.nl /vanDoorn/_overlay/_vti_cnf generatie_iii.htm_nav_sumipntg010_bnr.gif
2018.08.17 13:23 B D:\Documents and Settings\Frans\Mijn webs\vanDoorn\_overlay\_vti_cnf\generatie_iii.htm_nav_sumipntg010_hbtn.gif --> home.kpn.nl /vanDoorn/_overlay/_vti_cnf generatie_iii.htm_nav_sumipntg010_hbtn.gif
2018.08.17 13:23 B D:\Documents and Settings\Frans\Mijn webs\vanDoorn\_overlay\_vti_cnf\generatie_iii.htm_nav_sumipntg010_vbtn.gif --> home.kpn.nl /vanDoorn/_overlay/_vti_cnf generatie_iii.htm_nav_sumipntg010_vbtn.gif
2018.08.17 13:23 B D:\Documents and Settings\Frans\Mijn webs\vanDoorn\_overlay\_vti_cnf\generatie_iv.htm_nav_sumipntg010_bnr.gif --> home.kpn.nl /vanDoorn/_overlay/_vti_cnf generatie_iv.htm_nav_sumipntg010_bnr.gif
2018.08.17 13:23 B D:\Documents and Settings\Frans\Mijn webs\vanDoorn\_overlay\_vti_cnf\generatie_iv.htm_nav_sumipntg010_hbtn.gif --> home.kpn.nl /vanDoorn/_overlay/_vti_cnf generatie_iv.htm_nav_sumipntg010_hbtn.gif
2018.08.17 13:23 B D:\Documents and Settings\Frans\Mijn webs\vanDoorn\_overlay\_vti_cnf\generatie_iv.htm_nav_sumipntg010_vbtn.gif --> home.kpn.nl /vanDoorn/_overlay/_vti_cnf generatie_iv.htm_nav_sumipntg010_vbtn.gif
2018.08.17 13:23 B D:\Documents and Settings\Frans\Mijn webs\vanDoorn\_overlay\_vti_cnf\generatie_ix.htm_nav_sumipntg010_bnr.gif --> home.kpn.nl /vanDoorn/_overlay/_vti_cnf generatie_ix.htm_nav_sumipntg010_bnr.gif
2018.08.17 13:23 B D:\Documents and Settings\Frans\Mijn webs\vanDoorn\_overlay\_vti_cnf\generatie_ix.htm_nav_sumipntg010_hbtn.gif --> home.kpn.nl /vanDoorn/_overlay/_vti_cnf generatie_ix.htm_nav_sumipntg010_hbtn.gif
2018.08.17 13:23 B D:\Documents and Settings\Frans\Mijn webs\vanDoorn\_overlay\_vti_cnf\generatie_ix.htm_nav_sumipntg010_vbtn.gif --> home.kpn.nl /vanDoorn/_overlay/_vti_cnf generatie_ix.htm_nav_sumipntg010_vbtn.gif
2018.08.17 13:23 B D:\Documents and Settings\Frans\Mijn webs\vanDoorn\_overlay\_vti_cnf\generatie_v.htm_nav_sumipntg010_bnr.gif --> home.kpn.nl /vanDoorn/_overlay/_vti_cnf generatie_v.htm_nav_sumipntg010_bnr.gif
2018.08.17 13:23 B D:\Documents and Settings\Frans\Mijn webs\vanDoorn\_overlay\_vti_cnf\generatie_v.htm_nav_sumipntg010_hbtn.gif --> home.kpn.nl /vanDoorn/_overlay/_vti_cnf generatie_v.htm_nav_sumipntg010_hbtn.gif
2018.08.17 13:23 B D:\Documents and Settings\Frans\Mijn webs\vanDoorn\_overlay\_vti_cnf\generatie_v.htm_nav_sumipntg010_vbtn.gif --> home.kpn.nl /vanDoorn/_overlay/_vti_cnf generatie_v.htm_nav_sumipntg010_vbtn.gif
2018.08.17 13:23 B D:\Documents and Settings\Frans\Mijn webs\vanDoorn\_overlay\_vti_cnf\generatie_vi.htm_nav_sumipntg010_bnr.gif --> home.kpn.nl /vanDoorn/_overlay/_vti_cnf generatie_vi.htm_nav_sumipntg010_bnr.gif
2018.08.17 13:23 B D:\Documents and Settings\Frans\Mijn webs\vanDoorn\_overlay\_vti_cnf\generatie_vi.htm_nav_sumipntg010_hbtn.gif --> home.kpn.nl /vanDoorn/_overlay/_vti_cnf generatie_vi.htm_nav_sumipntg010_hbtn.gif
2018.08.17 13:23 B D:\Documents and Settings\Frans\Mijn webs\vanDoorn\_overlay\_vti_cnf\generatie_vi.htm_nav_sumipntg010_vbtn.gif --> home.kpn.nl /vanDoorn/_overlay/_vti_cnf generatie_vi.htm_nav_sumipntg010_vbtn.gif
2018.08.17 13:23 B D:\Documents and Settings\Frans\Mijn webs\vanDoorn\_overlay\_vti_cnf\generatie_vii.htm_nav_sumipntg010_bnr.gif --> home.kpn.nl /vanDoorn/_overlay/_vti_cnf generatie_vii.htm_nav_sumipntg010_bnr.gif
2018.08.17 13:23 B D:\Documents and Settings\Frans\Mijn webs\vanDoorn\_overlay\_vti_cnf\generatie_vii.htm_nav_sumipntg010_hbtn.gif --> home.kpn.nl /vanDoorn/_overlay/_vti_cnf generatie_vii.htm_nav_sumipntg010_hbtn.gif
2018.08.17 13:23 B D:\Documents and Settings\Frans\Mijn webs\vanDoorn\_overlay\_vti_cnf\generatie_vii.htm_nav_sumipntg010_vbtn.gif --> home.kpn.nl /vanDoorn/_overlay/_vti_cnf generatie_vii.htm_nav_sumipntg010_vbtn.gif
2018.08.17 13:23 B D:\Documents and Settings\Frans\Mijn webs\vanDoorn\_overlay\_vti_cnf\generatie_viii.htm_nav_sumipntg010_bnr.gif --> home.kpn.nl /vanDoorn/_overlay/_vti_cnf generatie_viii.htm_nav_sumipntg010_bnr.gif
2018.08.17 13:23 B D:\Documents and Settings\Frans\Mijn webs\vanDoorn\_overlay\_vti_cnf\generatie_viii.htm_nav_sumipntg010_hbtn.gif --> home.kpn.nl /vanDoorn/_overlay/_vti_cnf generatie_viii.htm_nav_sumipntg010_hbtn.gif
2018.08.17 13:23 B D:\Documents and Settings\Frans\Mijn webs\vanDoorn\_overlay\_vti_cnf\generatie_viii.htm_nav_sumipntg010_vbtn.gif --> home.kpn.nl /vanDoorn/_overlay/_vti_cnf generatie_viii.htm_nav_sumipntg010_vbtn.gif
2018.08.17 13:23 B D:\Documents and Settings\Frans\Mijn webs\vanDoorn\_overlay\_vti_cnf\generatie_x.htm_nav_sumipntg010_bnr.gif --> home.kpn.nl /vanDoorn/_overlay/_vti_cnf generatie_x.htm_nav_sumipntg010_bnr.gif
2018.08.17 13:23 B D:\Documents and Settings\Frans\Mijn webs\vanDoorn\_overlay\_vti_cnf\generatie_x.htm_nav_sumipntg010_hbtn.gif --> home.kpn.nl /vanDoorn/_overlay/_vti_cnf generatie_x.htm_nav_sumipntg010_hbtn.gif
2018.08.17 13:23 B D:\Documents and Settings\Frans\Mijn webs\vanDoorn\_overlay\_vti_cnf\generatie_x.htm_nav_sumipntg010_vbtn.gif --> home.kpn.nl /vanDoorn/_overlay/_vti_cnf generatie_x.htm_nav_sumipntg010_vbtn.gif
2018.08.17 13:23 B D:\Documents and Settings\Frans\Mijn webs\vanDoorn\_overlay\_vti_cnf\generatie_xi.htm_nav_sumipntg010_bnr.gif --> home.kpn.nl /vanDoorn/_overlay/_vti_cnf generatie_xi.htm_nav_sumipntg010_bnr.gif
2018.08.17 13:23 B D:\Documents and Settings\Frans\Mijn webs\vanDoorn\_overlay\_vti_cnf\generatie_xi.htm_nav_sumipntg010_hbtn.gif --> home.kpn.nl /vanDoorn/_overlay/_vti_cnf generatie_xi.htm_nav_sumipntg010_hbtn.gif
2018.08.17 13:23 B D:\Documents and Settings\Frans\Mijn webs\vanDoorn\_overlay\_vti_cnf\generatie_xi.htm_nav_sumipntg010_vbtn.gif --> home.kpn.nl /vanDoorn/_overlay/_vti_cnf generatie_xi.htm_nav_sumipntg010_vbtn.gif
2018.08.17 13:23 B D:\Documents and Settings\Frans\Mijn webs\vanDoorn\_overlay\_vti_cnf\home_nav_sumipntg010_vbtn.gif --> home.kpn.nl /vanDoorn/_overlay/_vti_cnf home_nav_sumipntg010_vbtn.gif
2018.08.17 13:23 B D:\Documents and Settings\Frans\Mijn webs\vanDoorn\_overlay\_vti_cnf\index.html_nav_sumipntg010_bnr.gif --> home.kpn.nl /vanDoorn/_overlay/_vti_cnf index.html_nav_sumipntg010_bnr.gif
2018.08.17 13:23 B D:\Documents and Settings\Frans\Mijn webs\vanDoorn\_overlay\_vti_cnf\WS_FTP.LOG --> home.kpn.nl /vanDoorn/_overlay/_vti_cnf WS_FTP.LOG
2018.08.17 13:32 B D:\Documents and Settings\Frans\Mijn webs\vanDoorn\_overlay\_vti_cnf\WS_FTP.LOG --> home.kpn.nl /vanDoorn/_overlay/_vti_cnf WS_FTP.LOG
2018.08.17 13:44 B D:\Documents and Settings\Frans\Mijn webs\vanDoorn\_overlay\_vti_cnf\WS_FTP.LOG --> home.kpn.nl /vanDoorn/_overlay/_vti_cnf WS_FTP.LOG
2018.08.17 14:08 B D:\Documents and Settings\Frans\Mijn webs\vanDoorn\_overlay\_vti_cnf\WS_FTP.LOG --> home.kpn.nl /vanDoorn/_overlay/_vti_cnf WS_FTP.LOG
2018.08.17 14:11 B D:\Documents and Settings\Frans\Mijn webs\vanDoorn\_overlay\_vti_cnf\WS_FTP.LOG --> home.kpn.nl /vanDoorn/_overlay/_vti_cnf WS_FTP.LOG
2018.08.17 14:12 B D:\Documents and Settings\Frans\Mijn webs\vanDoorn\_overlay\_vti_cnf\WS_FTP.LOG --> home.kpn.nl /vanDoorn/_overlay/_vti_cnf WS_FTP.LOG
2018.08.17 14:20 B D:\Documents and Settings\Frans\Mijn webs\vanDoorn\_overlay\_vti_cnf\WS_FTP.LOG --> home.kpn.nl /vanDoorn/_overlay/_vti_cnf WS_FTP.LOG
2018.08.17 14:22 B D:\Documents and Settings\Frans\Mijn webs\vanDoorn\_overlay\_vti_cnf\WS_FTP.LOG --> home.kpn.nl /vanDoorn/_overlay/_vti_cnf WS_FTP.LOG
2018.10.16 17:06 B D:\Documents and Settings\Frans\Mijn webs\vanDoorn\_overlay\_vti_cnf\WS_FTP.LOG --> home.kpn.nl /vanDoorn/_overlay/_vti_cnf WS_FTP.LOG
2018.10.16 23:24 B D:\Documents and Settings\Frans\Mijn webs\vanDoorn\_overlay\_vti_cnf\WS_FTP.LOG --> home.kpn.nl /vanDoorn/_overlay/_vti_cnf WS_FTP.LOG
