2008.10.27 21:11 B C:\Documents and Settings\Frans\Mijn documenten\Mijn webs\Stambomen\van Doorn\_themes\themes.inf --> home.hetnet.nl /Stambomen/van Doorn/_themes themes.inf
2008.10.27 21:36 B C:\Documents and Settings\Frans\Mijn documenten\Mijn webs\van Doorn\_themes\themes.inf --> home.hetnet.nl /_themes themes.inf
2008.10.27 21:36 B C:\Documents and Settings\Frans\Mijn documenten\Mijn webs\van Doorn\_themes\WS_FTP.LOG --> home.hetnet.nl /_themes WS_FTP.LOG
2008.10.28 05:20 B C:\Documents and Settings\Frans\Mijn documenten\Mijn webs\van Doorn\_themes\WS_FTP.LOG --> home.hetnet.nl /_themes WS_FTP.LOG
2008.10.28 05:33 B C:\Documents and Settings\Frans\Mijn documenten\Mijn webs\van Doorn\_themes\WS_FTP.LOG --> home.hetnet.nl /_themes WS_FTP.LOG
2008.10.28 05:48 B C:\Documents and Settings\Frans\Mijn documenten\Mijn webs\van Doorn\_themes\themes.inf --> home.hetnet.nl /_themes themes.inf
2008.10.28 05:48 B C:\Documents and Settings\Frans\Mijn documenten\Mijn webs\van Doorn\_themes\WS_FTP.LOG --> home.hetnet.nl /_themes WS_FTP.LOG
2014.11.07 22:52 B D:\Documents and Settings\Frans\Mijn documenten\Mijn webs\van Doorn\_themes\themes.inf --> home.kpn.nl /_borders/_themes themes.inf
2014.11.07 22:52 B D:\Documents and Settings\Frans\Mijn documenten\Mijn webs\van Doorn\_themes\WS_FTP.LOG --> home.kpn.nl /_borders/_themes WS_FTP.LOG
2014.11.07 23:38 B D:\Documents and Settings\Frans\Mijn documenten\Mijn webs\van Doorn\_themes\WS_FTP.LOG --> home.kpn.nl /_themes WS_FTP.LOG
2014.11.07 23:50 B D:\Documents and Settings\Frans\Mijn documenten\Mijn webs\van Doorn\_themes\WS_FTP.LOG --> home.kpn.nl /_themes WS_FTP.LOG
2014.11.08 00:01 B D:\Documents and Settings\Frans\Mijn documenten\Mijn webs\van Doorn\_themes\WS_FTP.LOG --> home.kpn.nl /_themes WS_FTP.LOG
2014.11.08 01:19 B D:\Documents and Settings\Frans\Mijn documenten\Mijn webs\van Doorn\_themes\themes.inf --> home.kpn.nl /_themes themes.inf
2014.11.12 12:40 B D:\Documents and Settings\Frans\Mijn documenten\Mijn webs\van Doorn\_themes\themes.inf --> home.kpn.nl /_themes themes.inf
2014.11.12 12:40 B D:\Documents and Settings\Frans\Mijn documenten\Mijn webs\van Doorn\_themes\WS_FTP.LOG --> home.kpn.nl /_themes WS_FTP.LOG
2014.11.12 13:49 B D:\Documents and Settings\Frans\Mijn documenten\Mijn webs\van Doorn\_themes\themes.inf --> home.kpn.nl /_themes themes.inf
2014.11.12 13:55 B D:\Documents and Settings\Frans\Mijn documenten\Mijn webs\van Doorn\_themes\themes.inf --> home.kpn.nl /_themes themes.inf
2014.11.13 09:25 B D:\Mijn documenten\Mijn webs\van Doorn\_themes\WS_FTP.LOG <-- hetnet /_themes WS_FTP.LOG
2016.11.07 12:03 B D:\Documents and Settings\Frans\Mijn webs\van Doorn\_themes\themes.inf --> home.kpn.nl /van Doorn/_themes themes.inf
2016.11.07 12:03 B D:\Documents and Settings\Frans\Mijn webs\van Doorn\_themes\WS_FTP.LOG --> home.kpn.nl /van Doorn/_themes WS_FTP.LOG
2016.11.07 21:56 B D:\Documents and Settings\Frans\Mijn webs\vanDoorn\_themes\themes.inf --> home.kpn.nl /vanDoorn/_themes themes.inf
2016.11.08 02:46 B D:\Documents and Settings\Frans\Mijn webs\vanDoorn\_themes\themes.inf --> home.kpn.nl /vanDoorn/_themes themes.inf
2016.11.08 02:46 B D:\Documents and Settings\Frans\Mijn webs\vanDoorn\_themes\WS_FTP.LOG --> home.kpn.nl /vanDoorn/_themes WS_FTP.LOG
2016.11.08 02:56 B D:\Documents and Settings\Frans\Mijn webs\vanDoorn\_themes\themes.inf --> home.kpn.nl /vanDoorn/_themes themes.inf
2016.11.08 02:56 B D:\Documents and Settings\Frans\Mijn webs\vanDoorn\_themes\WS_FTP.LOG --> home.kpn.nl /vanDoorn/_themes WS_FTP.LOG
2016.11.08 10:59 B D:\Documents and Settings\Frans\Mijn webs\vanDoorn\_themes\themes.inf --> home.kpn.nl /vanDoorn/_themes themes.inf
2016.11.08 10:59 B D:\Documents and Settings\Frans\Mijn webs\vanDoorn\_themes\WS_FTP.LOG --> home.kpn.nl /vanDoorn/_themes WS_FTP.LOG
2016.11.08 11:14 B D:\Documents and Settings\Frans\Mijn webs\vanDoorn\_themes\themes.inf --> home.kpn.nl /vanDoorn/_themes themes.inf
2016.11.08 11:14 B D:\Documents and Settings\Frans\Mijn webs\vanDoorn\_themes\WS_FTP.LOG --> home.kpn.nl /vanDoorn/_themes WS_FTP.LOG
2016.11.10 19:07 B D:\Documents and Settings\Frans\Mijn webs\vanDoorn\_themes\themes.inf --> home.kpn.nl /vanDoorn/_themes themes.inf
2016.11.10 19:07 B D:\Documents and Settings\Frans\Mijn webs\vanDoorn\_themes\WS_FTP.LOG --> home.kpn.nl /vanDoorn/_themes WS_FTP.LOG
2018.08.17 13:24 B D:\Documents and Settings\Frans\Mijn webs\vanDoorn\_themes\themes.inf --> home.kpn.nl /vanDoorn/_themes themes.inf
2018.08.17 13:24 B D:\Documents and Settings\Frans\Mijn webs\vanDoorn\_themes\WS_FTP.LOG --> home.kpn.nl /vanDoorn/_themes WS_FTP.LOG
2018.08.17 13:32 B D:\Documents and Settings\Frans\Mijn webs\vanDoorn\_themes\WS_FTP.LOG --> home.kpn.nl /vanDoorn/_themes WS_FTP.LOG
2018.08.17 13:44 B D:\Documents and Settings\Frans\Mijn webs\vanDoorn\_themes\WS_FTP.LOG --> home.kpn.nl /vanDoorn/_themes WS_FTP.LOG
2018.08.17 14:08 B D:\Documents and Settings\Frans\Mijn webs\vanDoorn\_themes\WS_FTP.LOG --> home.kpn.nl /vanDoorn/_themes WS_FTP.LOG
2018.08.17 14:11 B D:\Documents and Settings\Frans\Mijn webs\vanDoorn\_themes\WS_FTP.LOG --> home.kpn.nl /vanDoorn/_themes WS_FTP.LOG
2018.08.17 14:12 B D:\Documents and Settings\Frans\Mijn webs\vanDoorn\_themes\WS_FTP.LOG --> home.kpn.nl /vanDoorn/_themes WS_FTP.LOG
2018.08.17 14:20 B D:\Documents and Settings\Frans\Mijn webs\vanDoorn\_themes\WS_FTP.LOG --> home.kpn.nl /vanDoorn/_themes WS_FTP.LOG
2018.08.17 14:22 B D:\Documents and Settings\Frans\Mijn webs\vanDoorn\_themes\WS_FTP.LOG --> home.kpn.nl /vanDoorn/_themes WS_FTP.LOG
2018.10.16 17:06 B D:\Documents and Settings\Frans\Mijn webs\vanDoorn\_themes\WS_FTP.LOG --> home.kpn.nl /vanDoorn/_themes WS_FTP.LOG
2018.10.16 23:24 B D:\Documents and Settings\Frans\Mijn webs\vanDoorn\_themes\WS_FTP.LOG --> home.kpn.nl /vanDoorn/_themes WS_FTP.LOG
