vti_encoding:SR|utf8-nl
vti_timelastmodified:TR|10 Nov 2016 18:06:46 -0000
vti_extenderversion:SR|12.0.0.0
vti_cacheddtm:TX|07 Nov 2016 20:55:36 -0000
vti_filesize:IR|1130
vti_backlinkinfo:VX|
2016.11.08 02:55 B D:
2016.11.08 10:58 B D:
2016.11.08 11:13 B D:
2016.11.10 19:06 B D:
vti_modifiedby:SR|FransPC\\Frans
2018.08.17 13:23 B D:\Documents and Settings\Frans\Mijn webs\vanDoorn\_fpclass\_vti_cnf\documenten.htm --> home.kpn.nl /vanDoorn/_fpclass/_vti_cnf documenten.htm
2018.08.17 13:23 B D:\Documents and Settings\Frans\Mijn webs\vanDoorn\_fpclass\_vti_cnf\WS_FTP.LOG --> home.kpn.nl /vanDoorn/_fpclass/_vti_cnf WS_FTP.LOG
2018.08.17 13:32 B D:\Documents and Settings\Frans\Mijn webs\vanDoorn\_fpclass\_vti_cnf\WS_FTP.LOG --> home.kpn.nl /vanDoorn/_fpclass/_vti_cnf WS_FTP.LOG
2018.08.17 13:43 B D:\Documents and Settings\Frans\Mijn webs\vanDoorn\_fpclass\_vti_cnf\WS_FTP.LOG --> home.kpn.nl /vanDoorn/_fpclass/_vti_cnf WS_FTP.LOG
2018.08.17 14:08 B D:\Documents and Settings\Frans\Mijn webs\vanDoorn\_fpclass\_vti_cnf\WS_FTP.LOG --> home.kpn.nl /vanDoorn/_fpclass/_vti_cnf WS_FTP.LOG
2018.08.17 14:11 B D:\Documents and Settings\Frans\Mijn webs\vanDoorn\_fpclass\_vti_cnf\WS_FTP.LOG --> home.kpn.nl /vanDoorn/_fpclass/_vti_cnf WS_FTP.LOG
2018.08.17 14:12 B D:\Documents and Settings\Frans\Mijn webs\vanDoorn\_fpclass\_vti_cnf\WS_FTP.LOG --> home.kpn.nl /vanDoorn/_fpclass/_vti_cnf WS_FTP.LOG
2018.08.17 14:20 B D:\Documents and Settings\Frans\Mijn webs\vanDoorn\_fpclass\_vti_cnf\WS_FTP.LOG --> home.kpn.nl /vanDoorn/_fpclass/_vti_cnf WS_FTP.LOG
2018.08.17 14:22 B D:\Documents and Settings\Frans\Mijn webs\vanDoorn\_fpclass\_vti_cnf\WS_FTP.LOG --> home.kpn.nl /vanDoorn/_fpclass/_vti_cnf WS_FTP.LOG
2018.10.16 17:06 B D:\Documents and Settings\Frans\Mijn webs\vanDoorn\_fpclass\_vti_cnf\WS_FTP.LOG --> home.kpn.nl /vanDoorn/_fpclass/_vti_cnf WS_FTP.LOG
2018.10.16 23:24 B D:\Documents and Settings\Frans\Mijn webs\vanDoorn\_fpclass\_vti_cnf\WS_FTP.LOG --> home.kpn.nl /vanDoorn/_fpclass/_vti_cnf WS_FTP.LOG
