vti_encoding:SR|utf8-nl
2008.10.27 21:33 B C:\\Documents and Settings\\Frans\\Mijn documenten\\Mijn webs\\van Doorn\\_borders\\_vti_cnf\\WS_FTP.LOG --> home.hetnet.nl /_borders/_vti_cnf WS_FTP.LOG
vti_timelastmodified:TR|27 Oct 2008 20:33:37 -0000
vti_extenderversion:SR|4.0.2.8912
2008.10.28 05:44 B C:
2014.11.07 22:51 B D:
vti_author:SR|HOOFDCOMPUTER\\Frans
vti_modifiedby:SR|HOOFDCOMPUTER\\Frans
vti_timecreated:TR|07 Nov 2014 21:51:06 -0000
2014.11.07 23:50 B D:
2014.11.08 00:00 B D:
2014.11.12 12:39 B D:
2014.11.12 13:30 B D:
2014.11.13 09:23 B D:
2016.11.07 12:01 B D:
2016.11.07 21:54 B D:
2016.11.08 02:58 B D:
2016.11.08 10:57 B D:
2016.11.08 11:13 B D:
2016.11.10 19:06 B D:
2018.08.17 13:22 B D:\Documents and Settings\Frans\Mijn webs\vanDoorn\_borders\_vti_cnf\left.htm --> home.kpn.nl /vanDoorn/_borders/_vti_cnf left.htm
2018.08.17 13:22 B D:\Documents and Settings\Frans\Mijn webs\vanDoorn\_borders\_vti_cnf\top.htm --> home.kpn.nl /vanDoorn/_borders/_vti_cnf top.htm
2018.08.17 13:22 B D:\Documents and Settings\Frans\Mijn webs\vanDoorn\_borders\_vti_cnf\WS_FTP.LOG --> home.kpn.nl /vanDoorn/_borders/_vti_cnf WS_FTP.LOG
2018.08.17 13:32 B D:\Documents and Settings\Frans\Mijn webs\vanDoorn\_borders\_vti_cnf\WS_FTP.LOG --> home.kpn.nl /vanDoorn/_borders/_vti_cnf WS_FTP.LOG
2018.08.17 13:43 B D:\Documents and Settings\Frans\Mijn webs\vanDoorn\_borders\_vti_cnf\WS_FTP.LOG --> home.kpn.nl /vanDoorn/_borders/_vti_cnf WS_FTP.LOG
2018.08.17 14:08 B D:\Documents and Settings\Frans\Mijn webs\vanDoorn\_borders\_vti_cnf\WS_FTP.LOG --> home.kpn.nl /vanDoorn/_borders/_vti_cnf WS_FTP.LOG
2018.08.17 14:11 B D:\Documents and Settings\Frans\Mijn webs\vanDoorn\_borders\_vti_cnf\WS_FTP.LOG --> home.kpn.nl /vanDoorn/_borders/_vti_cnf WS_FTP.LOG
2018.08.17 14:12 B D:\Documents and Settings\Frans\Mijn webs\vanDoorn\_borders\_vti_cnf\WS_FTP.LOG --> home.kpn.nl /vanDoorn/_borders/_vti_cnf WS_FTP.LOG
2018.08.17 14:20 B D:\Documents and Settings\Frans\Mijn webs\vanDoorn\_borders\_vti_cnf\WS_FTP.LOG --> home.kpn.nl /vanDoorn/_borders/_vti_cnf WS_FTP.LOG
2018.08.17 14:22 B D:\Documents and Settings\Frans\Mijn webs\vanDoorn\_borders\_vti_cnf\WS_FTP.LOG --> home.kpn.nl /vanDoorn/_borders/_vti_cnf WS_FTP.LOG
2018.10.16 17:06 B D:\Documents and Settings\Frans\Mijn webs\vanDoorn\_borders\_vti_cnf\WS_FTP.LOG --> home.kpn.nl /vanDoorn/_borders/_vti_cnf WS_FTP.LOG
2018.10.16 23:24 B D:\Documents and Settings\Frans\Mijn webs\vanDoorn\_borders\_vti_cnf\WS_FTP.LOG --> home.kpn.nl /vanDoorn/_borders/_vti_cnf WS_FTP.LOG
