2008.10.27 21:11 B C:\Documents and Settings\Frans\Mijn documenten\Mijn webs\Stambomen\van Doorn\_vti_pvt\_vti_cnf\_x_todo.htm --> home.hetnet.nl /Stambomen/van Doorn/_vti_pvt/_vti_cnf _x_todo.htm
2008.10.27 21:11 B C:\Documents and Settings\Frans\Mijn documenten\Mijn webs\Stambomen\van Doorn\_vti_pvt\_vti_cnf\_x_todoh.htm --> home.hetnet.nl /Stambomen/van Doorn/_vti_pvt/_vti_cnf _x_todoh.htm
2008.10.27 21:37 B C:\Documents and Settings\Frans\Mijn documenten\Mijn webs\van Doorn\_vti_pvt\_vti_cnf\_x_todo.htm --> home.hetnet.nl /_vti_pvt/_vti_cnf _x_todo.htm
2008.10.27 21:37 B C:\Documents and Settings\Frans\Mijn documenten\Mijn webs\van Doorn\_vti_pvt\_vti_cnf\_x_todoh.htm --> home.hetnet.nl /_vti_pvt/_vti_cnf _x_todoh.htm
2008.10.27 21:37 B C:\Documents and Settings\Frans\Mijn documenten\Mijn webs\van Doorn\_vti_pvt\_vti_cnf\WS_FTP.LOG --> home.hetnet.nl /_vti_pvt/_vti_cnf WS_FTP.LOG
2008.10.28 05:21 B C:\Documents and Settings\Frans\Mijn documenten\Mijn webs\van Doorn\_vti_pvt\_vti_cnf\WS_FTP.LOG --> home.hetnet.nl /_vti_pvt/_vti_cnf WS_FTP.LOG
2008.10.28 05:33 B C:\Documents and Settings\Frans\Mijn documenten\Mijn webs\van Doorn\_vti_pvt\_vti_cnf\WS_FTP.LOG --> home.hetnet.nl /_vti_pvt/_vti_cnf WS_FTP.LOG
2008.10.28 05:48 B C:\Documents and Settings\Frans\Mijn documenten\Mijn webs\van Doorn\_vti_pvt\_vti_cnf\_x_todo.htm --> home.hetnet.nl /_vti_pvt/_vti_cnf _x_todo.htm
2008.10.28 05:48 B C:\Documents and Settings\Frans\Mijn documenten\Mijn webs\van Doorn\_vti_pvt\_vti_cnf\_x_todoh.htm --> home.hetnet.nl /_vti_pvt/_vti_cnf _x_todoh.htm
2008.10.28 05:48 B C:\Documents and Settings\Frans\Mijn documenten\Mijn webs\van Doorn\_vti_pvt\_vti_cnf\WS_FTP.LOG --> home.hetnet.nl /_vti_pvt/_vti_cnf WS_FTP.LOG
2008.10.29 10:18 B C:\Documents and Settings\Frans\Mijn documenten\Mijn webs\van Doorn\_vti_pvt\_vti_cnf\WS_FTP.LOG --> home.hetnet.nl /_vti_pvt/_vti_cnf WS_FTP.LOG
2014.11.07 22:52 B D:\Documents and Settings\Frans\Mijn documenten\Mijn webs\van Doorn\_vti_pvt\_vti_cnf\_x_todo.htm --> home.kpn.nl /_borders/_vti_pvt/_vti_cnf _x_todo.htm
2014.11.07 22:52 B D:\Documents and Settings\Frans\Mijn documenten\Mijn webs\van Doorn\_vti_pvt\_vti_cnf\_x_todoh.htm --> home.kpn.nl /_borders/_vti_pvt/_vti_cnf _x_todoh.htm
2014.11.07 22:52 B D:\Documents and Settings\Frans\Mijn documenten\Mijn webs\van Doorn\_vti_pvt\_vti_cnf\WS_FTP.LOG --> home.kpn.nl /_borders/_vti_pvt/_vti_cnf WS_FTP.LOG
2014.11.07 23:38 B D:\Documents and Settings\Frans\Mijn documenten\Mijn webs\van Doorn\_vti_pvt\_vti_cnf\WS_FTP.LOG --> home.kpn.nl /_vti_pvt/_vti_cnf WS_FTP.LOG
2014.11.07 23:50 B D:\Documents and Settings\Frans\Mijn documenten\Mijn webs\van Doorn\_vti_pvt\_vti_cnf\WS_FTP.LOG --> home.kpn.nl /_vti_pvt/_vti_cnf WS_FTP.LOG
2014.11.08 00:01 B D:\Documents and Settings\Frans\Mijn documenten\Mijn webs\van Doorn\_vti_pvt\_vti_cnf\WS_FTP.LOG --> home.kpn.nl /_vti_pvt/_vti_cnf WS_FTP.LOG
2014.11.12 12:40 B D:\Documents and Settings\Frans\Mijn documenten\Mijn webs\van Doorn\_vti_pvt\_vti_cnf\_x_todo.htm --> home.kpn.nl /_vti_pvt/_vti_cnf _x_todo.htm
2014.11.12 12:40 B D:\Documents and Settings\Frans\Mijn documenten\Mijn webs\van Doorn\_vti_pvt\_vti_cnf\_x_todoh.htm --> home.kpn.nl /_vti_pvt/_vti_cnf _x_todoh.htm
2014.11.12 12:40 B D:\Documents and Settings\Frans\Mijn documenten\Mijn webs\van Doorn\_vti_pvt\_vti_cnf\WS_FTP.LOG --> home.kpn.nl /_vti_pvt/_vti_cnf WS_FTP.LOG
2014.11.12 13:24 B D:\Documents and Settings\Frans\Mijn documenten\Mijn webs\van Doorn\_vti_pvt\_vti_cnf\WS_FTP.LOG --> home.kpn.nl /_vti_pvt/_vti_cnf WS_FTP.LOG
2014.11.12 13:37 B D:\Documents and Settings\Frans\Mijn documenten\Mijn webs\van Doorn\_vti_pvt\_vti_cnf\_x_todo.htm --> home.kpn.nl /_vti_pvt/_vti_cnf _x_todo.htm
2014.11.12 13:37 B D:\Documents and Settings\Frans\Mijn documenten\Mijn webs\van Doorn\_vti_pvt\_vti_cnf\_x_todoh.htm --> home.kpn.nl /_vti_pvt/_vti_cnf _x_todoh.htm
2014.11.13 09:25 B D:\Mijn documenten\Mijn webs\van Doorn\_vti_pvt\_vti_cnf\WS_FTP.LOG <-- hetnet /_vti_pvt/_vti_cnf WS_FTP.LOG
2016.11.07 12:03 B D:\Documents and Settings\Frans\Mijn webs\van Doorn\_vti_pvt\_vti_cnf\_x_todo.htm --> home.kpn.nl /van Doorn/_vti_pvt/_vti_cnf _x_todo.htm
2016.11.07 12:03 B D:\Documents and Settings\Frans\Mijn webs\van Doorn\_vti_pvt\_vti_cnf\_x_todoh.htm --> home.kpn.nl /van Doorn/_vti_pvt/_vti_cnf _x_todoh.htm
2016.11.07 12:03 B D:\Documents and Settings\Frans\Mijn webs\van Doorn\_vti_pvt\_vti_cnf\WS_FTP.LOG --> home.kpn.nl /van Doorn/_vti_pvt/_vti_cnf WS_FTP.LOG
2016.11.08 02:46 B D:\Documents and Settings\Frans\Mijn webs\vanDoorn\_vti_pvt\_vti_cnf\_x_todo.htm --> home.kpn.nl /vanDoorn/_vti_pvt/_vti_cnf _x_todo.htm
2016.11.08 02:46 B D:\Documents and Settings\Frans\Mijn webs\vanDoorn\_vti_pvt\_vti_cnf\_x_todoh.htm --> home.kpn.nl /vanDoorn/_vti_pvt/_vti_cnf _x_todoh.htm
2016.11.08 02:46 B D:\Documents and Settings\Frans\Mijn webs\vanDoorn\_vti_pvt\_vti_cnf\WS_FTP.LOG --> home.kpn.nl /vanDoorn/_vti_pvt/_vti_cnf WS_FTP.LOG
2016.11.08 02:56 B D:\Documents and Settings\Frans\Mijn webs\vanDoorn\_vti_pvt\_vti_cnf\WS_FTP.LOG --> home.kpn.nl /vanDoorn/_vti_pvt/_vti_cnf WS_FTP.LOG
2016.11.08 10:59 B D:\Documents and Settings\Frans\Mijn webs\vanDoorn\_vti_pvt\_vti_cnf\_x_todo.htm --> home.kpn.nl /vanDoorn/_vti_pvt/_vti_cnf _x_todo.htm
2016.11.08 10:59 B D:\Documents and Settings\Frans\Mijn webs\vanDoorn\_vti_pvt\_vti_cnf\_x_todoh.htm --> home.kpn.nl /vanDoorn/_vti_pvt/_vti_cnf _x_todoh.htm
2016.11.08 10:59 B D:\Documents and Settings\Frans\Mijn webs\vanDoorn\_vti_pvt\_vti_cnf\WS_FTP.LOG --> home.kpn.nl /vanDoorn/_vti_pvt/_vti_cnf WS_FTP.LOG
2016.11.08 11:14 B D:\Documents and Settings\Frans\Mijn webs\vanDoorn\_vti_pvt\_vti_cnf\WS_FTP.LOG --> home.kpn.nl /vanDoorn/_vti_pvt/_vti_cnf WS_FTP.LOG
2016.11.10 19:07 B D:\Documents and Settings\Frans\Mijn webs\vanDoorn\_vti_pvt\_vti_cnf\WS_FTP.LOG --> home.kpn.nl /vanDoorn/_vti_pvt/_vti_cnf WS_FTP.LOG
2018.08.17 13:24 B D:\Documents and Settings\Frans\Mijn webs\vanDoorn\_vti_pvt\_vti_cnf\WS_FTP.LOG --> home.kpn.nl /vanDoorn/_vti_pvt/_vti_cnf WS_FTP.LOG
2018.08.17 13:32 B D:\Documents and Settings\Frans\Mijn webs\vanDoorn\_vti_pvt\_vti_cnf\WS_FTP.LOG --> home.kpn.nl /vanDoorn/_vti_pvt/_vti_cnf WS_FTP.LOG
2018.08.17 13:44 B D:\Documents and Settings\Frans\Mijn webs\vanDoorn\_vti_pvt\_vti_cnf\WS_FTP.LOG --> home.kpn.nl /vanDoorn/_vti_pvt/_vti_cnf WS_FTP.LOG
2018.08.17 14:09 B D:\Documents and Settings\Frans\Mijn webs\vanDoorn\_vti_pvt\_vti_cnf\WS_FTP.LOG --> home.kpn.nl /vanDoorn/_vti_pvt/_vti_cnf WS_FTP.LOG
2018.08.17 14:11 B D:\Documents and Settings\Frans\Mijn webs\vanDoorn\_vti_pvt\_vti_cnf\WS_FTP.LOG --> home.kpn.nl /vanDoorn/_vti_pvt/_vti_cnf WS_FTP.LOG
2018.08.17 14:12 B D:\Documents and Settings\Frans\Mijn webs\vanDoorn\_vti_pvt\_vti_cnf\WS_FTP.LOG --> home.kpn.nl /vanDoorn/_vti_pvt/_vti_cnf WS_FTP.LOG
2018.08.17 14:20 B D:\Documents and Settings\Frans\Mijn webs\vanDoorn\_vti_pvt\_vti_cnf\WS_FTP.LOG --> home.kpn.nl /vanDoorn/_vti_pvt/_vti_cnf WS_FTP.LOG
2018.08.17 14:22 B D:\Documents and Settings\Frans\Mijn webs\vanDoorn\_vti_pvt\_vti_cnf\WS_FTP.LOG --> home.kpn.nl /vanDoorn/_vti_pvt/_vti_cnf WS_FTP.LOG
2018.10.16 17:06 B D:\Documents and Settings\Frans\Mijn webs\vanDoorn\_vti_pvt\_vti_cnf\WS_FTP.LOG --> home.kpn.nl /vanDoorn/_vti_pvt/_vti_cnf WS_FTP.LOG
2018.10.16 23:24 B D:\Documents and Settings\Frans\Mijn webs\vanDoorn\_vti_pvt\_vti_cnf\WS_FTP.LOG --> home.kpn.nl /vanDoorn/_vti_pvt/_vti_cnf WS_FTP.LOG
