2014.11.12 12:39 B D:\Documents and Settings\Frans\Mijn documenten\Mijn webs\van Doorn\_fpclass\documenten.htm --> home.kpn.nl /_fpclass documenten.htm
2014.11.12 13:24 B D:\Documents and Settings\Frans\Mijn documenten\Mijn webs\van Doorn\_fpclass\WS_FTP.LOG --> home.kpn.nl /_fpclass WS_FTP.LOG
2014.11.12 13:32 B D:\Documents and Settings\Frans\Mijn documenten\Mijn webs\van Doorn\_fpclass\documenten.htm --> home.kpn.nl /_fpclass documenten.htm
2014.11.13 09:24 B D:\Mijn documenten\Mijn webs\van Doorn\_fpclass\WS_FTP.LOG <-- hetnet /_fpclass WS_FTP.LOG
2016.11.07 12:02 B D:\Documents and Settings\Frans\Mijn webs\van Doorn\_fpclass\documenten.htm --> home.kpn.nl /van Doorn/_fpclass documenten.htm
2016.11.07 12:02 B D:\Documents and Settings\Frans\Mijn webs\van Doorn\_fpclass\WS_FTP.LOG --> home.kpn.nl /van Doorn/_fpclass WS_FTP.LOG
2016.11.07 21:55 B D:\Documents and Settings\Frans\Mijn webs\vanDoorn\_fpclass\documenten.htm --> home.kpn.nl /vanDoorn/_fpclass documenten.htm
2016.11.07 21:55 B D:\Documents and Settings\Frans\Mijn webs\vanDoorn\_fpclass\WS_FTP.LOG --> home.kpn.nl /vanDoorn/_fpclass WS_FTP.LOG
2016.11.08 02:45 B D:\Documents and Settings\Frans\Mijn webs\vanDoorn\_fpclass\documenten.htm --> home.kpn.nl /vanDoorn/_fpclass documenten.htm
2016.11.08 02:45 B D:\Documents and Settings\Frans\Mijn webs\vanDoorn\_fpclass\WS_FTP.LOG --> home.kpn.nl /vanDoorn/_fpclass WS_FTP.LOG
2016.11.08 02:55 B D:\Documents and Settings\Frans\Mijn webs\vanDoorn\_fpclass\WS_FTP.LOG --> home.kpn.nl /vanDoorn/_fpclass WS_FTP.LOG
2016.11.08 10:58 B D:\Documents and Settings\Frans\Mijn webs\vanDoorn\_fpclass\documenten.htm --> home.kpn.nl /vanDoorn/_fpclass documenten.htm
2016.11.08 10:58 B D:\Documents and Settings\Frans\Mijn webs\vanDoorn\_fpclass\WS_FTP.LOG --> home.kpn.nl /vanDoorn/_fpclass WS_FTP.LOG
2016.11.08 11:13 B D:\Documents and Settings\Frans\Mijn webs\vanDoorn\_fpclass\WS_FTP.LOG --> home.kpn.nl /vanDoorn/_fpclass WS_FTP.LOG
2016.11.10 19:06 B D:\Documents and Settings\Frans\Mijn webs\vanDoorn\_fpclass\WS_FTP.LOG --> home.kpn.nl /vanDoorn/_fpclass WS_FTP.LOG
2018.08.17 13:23 B D:\Documents and Settings\Frans\Mijn webs\vanDoorn\_fpclass\documenten.htm --> home.kpn.nl /vanDoorn/_fpclass documenten.htm
2018.08.17 13:23 B D:\Documents and Settings\Frans\Mijn webs\vanDoorn\_fpclass\WS_FTP.LOG --> home.kpn.nl /vanDoorn/_fpclass WS_FTP.LOG
2018.08.17 13:32 B D:\Documents and Settings\Frans\Mijn webs\vanDoorn\_fpclass\WS_FTP.LOG --> home.kpn.nl /vanDoorn/_fpclass WS_FTP.LOG
2018.08.17 13:44 B D:\Documents and Settings\Frans\Mijn webs\vanDoorn\_fpclass\WS_FTP.LOG --> home.kpn.nl /vanDoorn/_fpclass WS_FTP.LOG
2018.08.17 14:08 B D:\Documents and Settings\Frans\Mijn webs\vanDoorn\_fpclass\WS_FTP.LOG --> home.kpn.nl /vanDoorn/_fpclass WS_FTP.LOG
2018.08.17 14:11 B D:\Documents and Settings\Frans\Mijn webs\vanDoorn\_fpclass\WS_FTP.LOG --> home.kpn.nl /vanDoorn/_fpclass WS_FTP.LOG
2018.08.17 14:12 B D:\Documents and Settings\Frans\Mijn webs\vanDoorn\_fpclass\WS_FTP.LOG --> home.kpn.nl /vanDoorn/_fpclass WS_FTP.LOG
2018.08.17 14:20 B D:\Documents and Settings\Frans\Mijn webs\vanDoorn\_fpclass\WS_FTP.LOG --> home.kpn.nl /vanDoorn/_fpclass WS_FTP.LOG
2018.08.17 14:22 B D:\Documents and Settings\Frans\Mijn webs\vanDoorn\_fpclass\WS_FTP.LOG --> home.kpn.nl /vanDoorn/_fpclass WS_FTP.LOG
2018.10.16 17:06 B D:\Documents and Settings\Frans\Mijn webs\vanDoorn\_fpclass\WS_FTP.LOG --> home.kpn.nl /vanDoorn/_fpclass WS_FTP.LOG
2018.10.16 23:24 B D:\Documents and Settings\Frans\Mijn webs\vanDoorn\_fpclass\WS_FTP.LOG --> home.kpn.nl /vanDoorn/_fpclass WS_FTP.LOG
