vti_encoding:SR|utf8-nl
vti_timelastmodified:TR|11 Dec 2005 12:33:37 -0000
vti_extenderversion:SR|4.0.2.8912
2008.10.25 13:32 B C:
2008.10.27 21:37 B C:
2008.10.28 05:48 B C:
2008.10.29 10:18 B C:
vti_author:SR|HOOFDCOMPUTER\\Frans
vti_modifiedby:SR|HOOFDCOMPUTER\\Frans
vti_timecreated:TR|21 Dec 2010 09:42:23 -0000
2014.11.07 22:52 B D:
2014.11.07 23:50 B D:
2014.11.08 00:01 B D:
2014.11.08 01:19 B D:
2014.11.12 12:40 B D:
2014.11.12 13:55 B D:
2014.11.13 09:25 B D:
2016.11.07 12:03 B D:
2016.11.07 21:56 B D:
2016.11.07 22:12 B D:
2016.11.08 01:57 B D:
2016.11.08 02:56 B D:
2016.11.08 10:59 B D:
2016.11.08 11:14 B D:
2016.11.10 19:07 B D:
2018.08.17 13:44 B D:
2018.08.17 14:22 B D:
2018.10.16 17:06 B D:
2018.10.16 23:24 B D:
