vti_encoding:SR|utf8-nl
vti_timelastmodified:TR|08 Nov 2014 00:19:31 -0000
vti_extenderversion:SR|12.0.0.0
vti_author:SR|HOOFDCOMPUTER\\Frans
vti_modifiedby:SR|HOOFDCOMPUTER\\Frans
vti_timecreated:TR|08 Nov 2014 00:19:31 -0000
2014.11.12 12:40 B D:
2014.11.12 13:55 B D:
2014.11.13 09:24 B D:
2016.11.07 12:03 B D:
2016.11.07 21:56 B D:
2016.11.08 02:56 B D:
2016.11.08 10:59 B D:
2016.11.08 11:14 B D:
2016.11.10 19:07 B D:
2018.08.17 13:24 B D:\Documents and Settings\Frans\Mijn webs\vanDoorn\_themes\sumipntg\_vti_cnf\sumipntg.inf --> home.kpn.nl /vanDoorn/_themes/sumipntg/_vti_cnf sumipntg.inf
2018.08.17 13:24 B D:\Documents and Settings\Frans\Mijn webs\vanDoorn\_themes\sumipntg\_vti_cnf\sumipntg.utf8 --> home.kpn.nl /vanDoorn/_themes/sumipntg/_vti_cnf sumipntg.utf8
2018.08.17 13:24 B D:\Documents and Settings\Frans\Mijn webs\vanDoorn\_themes\sumipntg\_vti_cnf\sumprebd.gif --> home.kpn.nl /vanDoorn/_themes/sumipntg/_vti_cnf sumprebd.gif
2018.08.17 13:24 B D:\Documents and Settings\Frans\Mijn webs\vanDoorn\_themes\sumipntg\_vti_cnf\sumupbd.gif --> home.kpn.nl /vanDoorn/_themes/sumipntg/_vti_cnf sumupbd.gif
2018.08.17 13:24 B D:\Documents and Settings\Frans\Mijn webs\vanDoorn\_themes\sumipntg\_vti_cnf\WS_FTP.LOG --> home.kpn.nl /vanDoorn/_themes/sumipntg/_vti_cnf WS_FTP.LOG
2018.08.17 13:32 B D:\Documents and Settings\Frans\Mijn webs\vanDoorn\_themes\sumipntg\_vti_cnf\WS_FTP.LOG --> home.kpn.nl /vanDoorn/_themes/sumipntg/_vti_cnf WS_FTP.LOG
2018.08.17 13:44 B D:\Documents and Settings\Frans\Mijn webs\vanDoorn\_themes\sumipntg\_vti_cnf\WS_FTP.LOG --> home.kpn.nl /vanDoorn/_themes/sumipntg/_vti_cnf WS_FTP.LOG
2018.08.17 14:08 B D:\Documents and Settings\Frans\Mijn webs\vanDoorn\_themes\sumipntg\_vti_cnf\WS_FTP.LOG --> home.kpn.nl /vanDoorn/_themes/sumipntg/_vti_cnf WS_FTP.LOG
2018.08.17 14:11 B D:\Documents and Settings\Frans\Mijn webs\vanDoorn\_themes\sumipntg\_vti_cnf\WS_FTP.LOG --> home.kpn.nl /vanDoorn/_themes/sumipntg/_vti_cnf WS_FTP.LOG
2018.08.17 14:12 B D:\Documents and Settings\Frans\Mijn webs\vanDoorn\_themes\sumipntg\_vti_cnf\WS_FTP.LOG --> home.kpn.nl /vanDoorn/_themes/sumipntg/_vti_cnf WS_FTP.LOG
2018.08.17 14:20 B D:\Documents and Settings\Frans\Mijn webs\vanDoorn\_themes\sumipntg\_vti_cnf\WS_FTP.LOG --> home.kpn.nl /vanDoorn/_themes/sumipntg/_vti_cnf WS_FTP.LOG
2018.08.17 14:22 B D:\Documents and Settings\Frans\Mijn webs\vanDoorn\_themes\sumipntg\_vti_cnf\WS_FTP.LOG --> home.kpn.nl /vanDoorn/_themes/sumipntg/_vti_cnf WS_FTP.LOG
2018.10.16 17:06 B D:\Documents and Settings\Frans\Mijn webs\vanDoorn\_themes\sumipntg\_vti_cnf\WS_FTP.LOG --> home.kpn.nl /vanDoorn/_themes/sumipntg/_vti_cnf WS_FTP.LOG
2018.10.16 23:24 B D:\Documents and Settings\Frans\Mijn webs\vanDoorn\_themes\sumipntg\_vti_cnf\WS_FTP.LOG --> home.kpn.nl /vanDoorn/_themes/sumipntg/_vti_cnf WS_FTP.LOG
